This file contains any messages produced by compilers while
running configure, to aid debugging if configure makes a mistake.

configure:570: checking for a BSD compatible install
configure:623: checking whether build environment is sane
configure:680: checking whether make sets ${MAKE}
configure:726: checking for working aclocal
configure:739: checking for working autoconf
configure:752: checking for working automake
configure:765: checking for working autoheader
configure:778: checking for working makeinfo
configure:825: checking for gcc
configure:938: checking whether the C compiler (gcc -g -ggdb -DDEBUG ) works
configure:954: gcc -o conftest -g -ggdb -DDEBUG   conftest.c  1>&5
configure:980: checking whether the C compiler (gcc -g -ggdb -DDEBUG ) is a cross-compiler
configure:985: checking whether we are using GNU C
configure:994: gcc -E conftest.c
configure:1013: checking whether gcc accepts -g
configure:1047: checking for ranlib
configure:1086: checking for a BSD compatible install
configure:1139: checking for POSIXized ISC
configure:1162: checking for gcc
configure:1275: checking whether the C compiler (gcc -g -ggdb -DDEBUG ) works
configure:1291: gcc -o conftest -g -ggdb -DDEBUG   conftest.c  1>&5
configure:1317: checking whether the C compiler (gcc -g -ggdb -DDEBUG ) is a cross-compiler
configure:1322: checking whether we are using GNU C
configure:1350: checking whether gcc accepts -g
configure:1476: checking host system type
configure:1497: checking build system type
configure:1526: checking for ld used by GCC
configure:1588: checking if the linker (/usr/bin/ld) is GNU ld
GNU ld version 2.9.5 (with BFD 2.9.5.0.22)
configure:1604: checking for BSD-compatible nm
configure:1640: checking whether ln -s works
ltconfig:603: checking for object suffix
ltconfig:604: gcc -c -g -ggdb -DDEBUG  conftest.c 1>&5
ltconfig:629: checking for executable suffix
ltconfig:630: gcc -o conftest -g -ggdb -DDEBUG   conftest.c  1>&5
ltconfig:776: checking if gcc PIC flag -fPIC works
ltconfig:777: gcc -c -g -ggdb -DDEBUG -fPIC -DPIC  conftest.c 1>&5
ltconfig:829: checking if gcc supports -c -o file.o
ltconfig:830: gcc -c -g -ggdb -DDEBUG -o out/conftest2.o  conftest.c 1>&5
ltconfig:862: checking if gcc supports -c -o file.lo
ltconfig:863: gcc -c -g -ggdb -DDEBUG -c -o conftest.lo  conftest.c 1>&5
ltconfig:914: checking if gcc supports -fno-rtti -fno-exceptions
ltconfig:915: gcc -c -g -ggdb -DDEBUG -fno-rtti -fno-exceptions -c conftest.c  conftest.c 1>&5
ltconfig:958: checking if gcc static flag -static works
ltconfig:959: gcc -o conftest -g -ggdb -DDEBUG   -static conftest.c  1>&5
GNU ld version 2.9.5 (with BFD 2.9.5.0.22)
ltconfig:1635: checking if global_symbol_pipe works
ltconfig:1636: gcc -c -g -ggdb -DDEBUG  conftest.c 1>&5
ltconfig:1639: eval "/usr/bin/nm -B conftest.o | sed -n -e 's/^.*[ 	]\([ABCDGISTW]\)[ 	][ 	]*\(\)\([_A-Za-z][_A-Za-z0-9]*\)$/\1 \2\3 \3/p' > conftest.nm"
ltconfig:1691: gcc -o conftest -g -ggdb -DDEBUG -fno-builtin -fno-rtti -fno-exceptions   conftest.c conftstm.o 1>&5
configure:1832: checking how to run the C preprocessor
configure:1853: gcc -E  conftest.c >/dev/null 2>conftest.out
configure:1912: checking for ANSI C header files
configure:1925: gcc -E  conftest.c >/dev/null 2>conftest.out
configure:1992: gcc -o conftest -g -ggdb -DDEBUG   conftest.c  1>&5
configure:2019: checking for string.h
configure:2029: gcc -E  conftest.c >/dev/null 2>conftest.out
